2024-04-17 15:41:34.404  INFO 14128 --- [           main] c.georg.boredapi.ActivityApiApplication  : Starting ActivityApiApplication using Java 21.0.2 with PID 14128 (D:\JavaLabs\activityApi\target\classes started by nikge in D:\JavaLabs\activityApi)
2024-04-17 15:41:34.419  INFO 14128 --- [           main] c.georg.boredapi.ActivityApiApplication  : No active profile set, falling back to 1 default profile: "default"
2024-04-17 15:41:35.684  INFO 14128 --- [           main] .s.d.r.c.RepositoryConfigurationDelegate : Bootstrapping Spring Data JPA repositories in DEFAULT mode.
2024-04-17 15:41:35.769  INFO 14128 --- [           main] .s.d.r.c.RepositoryConfigurationDelegate : Finished Spring Data repository scanning in 72 ms. Found 2 JPA repository interfaces.
2024-04-17 15:41:36.711  INFO 14128 --- [           main] o.s.b.w.embedded.tomcat.TomcatWebServer  : Tomcat initialized with port 8080 (http)
2024-04-17 15:41:36.727  INFO 14128 --- [           main] o.apache.catalina.core.StandardService   : Starting service [Tomcat]
2024-04-17 15:41:36.728  INFO 14128 --- [           main] o.apache.catalina.core.StandardEngine    : Starting Servlet engine: [Apache Tomcat/10.1.19]
2024-04-17 15:41:36.889  INFO 14128 --- [           main] o.a.c.c.C.[Tomcat].[localhost].[/]       : Initializing Spring embedded WebApplicationContext
2024-04-17 15:41:36.890  INFO 14128 --- [           main] w.s.c.ServletWebServerApplicationContext : Root WebApplicationContext: initialization completed in 2399 ms
2024-04-17 15:41:37.147  INFO 14128 --- [           main] o.hibernate.jpa.internal.util.LogHelper  : HHH000204: Processing PersistenceUnitInfo [name: default]
2024-04-17 15:41:37.243  INFO 14128 --- [           main] org.hibernate.Version                    : HHH000412: Hibernate ORM core version 6.4.4.Final
2024-04-17 15:41:37.302  INFO 14128 --- [           main] o.h.c.internal.RegionFactoryInitiator    : HHH000026: Second-level cache disabled
2024-04-17 15:41:37.624  INFO 14128 --- [           main] o.s.o.j.p.SpringPersistenceUnitInfo      : No LoadTimeWeaver setup: ignoring JPA class transformer
2024-04-17 15:41:37.657  INFO 14128 --- [           main] com.zaxxer.hikari.HikariDataSource       : HikariPool-1 - Starting...
2024-04-17 15:41:38.287  INFO 14128 --- [           main] com.zaxxer.hikari.pool.HikariPool        : HikariPool-1 - Added connection com.mysql.cj.jdbc.ConnectionImpl@55638165
2024-04-17 15:41:38.292  INFO 14128 --- [           main] com.zaxxer.hikari.HikariDataSource       : HikariPool-1 - Start completed.
2024-04-17 15:41:39.682  INFO 14128 --- [           main] o.h.e.t.j.p.i.JtaPlatformInitiator       : HHH000489: No JTA platform available (set 'hibernate.transaction.jta.platform' to enable JTA platform integration)
2024-04-17 15:41:39.801  INFO 14128 --- [           main] j.LocalContainerEntityManagerFactoryBean : Initialized JPA EntityManagerFactory for persistence unit 'default'
2024-04-17 15:41:40.371  INFO 14128 --- [           main] o.s.d.j.r.query.QueryEnhancerFactory     : Hibernate is in classpath; If applicable, HQL parser will be used.
2024-04-17 15:41:41.403  WARN 14128 --- [           main] JpaBaseConfiguration$JpaWebConfiguration : spring.jpa.open-in-view is enabled by default. Therefore, database queries may be performed during view rendering. Explicitly configure spring.jpa.open-in-view to disable this warning
2024-04-17 15:41:42.438  INFO 14128 --- [           main] o.s.b.w.embedded.tomcat.TomcatWebServer  : Tomcat started on port 8080 (http) with context path ''
2024-04-17 15:41:42.452  INFO 14128 --- [           main] c.georg.boredapi.ActivityApiApplication  : Started ActivityApiApplication in 8.705 seconds (process running for 9.844)
2024-04-17 15:42:09.762  INFO 14128 --- [nio-8080-exec-2] o.a.c.c.C.[Tomcat].[localhost].[/]       : Initializing Spring DispatcherServlet 'dispatcherServlet'
2024-04-17 15:42:09.762  INFO 14128 --- [nio-8080-exec-2] o.s.web.servlet.DispatcherServlet        : Initializing Servlet 'dispatcherServlet'
2024-04-17 15:42:09.764  INFO 14128 --- [nio-8080-exec-2] o.s.web.servlet.DispatcherServlet        : Completed initialization in 2 ms
2024-04-17 15:42:09.901  INFO 14128 --- [nio-8080-exec-2] com.georg.boredapi.aop.LoggerAspect      : Entering service method: ActivityService.performBulkActivityOperation
2024-04-17 15:42:10.054  INFO 14128 --- [nio-8080-exec-2] com.georg.boredapi.aop.LoggerAspect      : Exiting service method: ActivityService.performBulkActivityOperation
2024-04-17 15:42:16.661  INFO 14128 --- [nio-8080-exec-3] com.georg.boredapi.aop.LoggerAspect      : Entering service method: ActivityService.getActivity
2024-04-17 15:42:16.777  INFO 14128 --- [nio-8080-exec-3] com.georg.boredapi.aop.LoggerAspect      : Exiting service method: ActivityService.getActivity
2024-04-17 15:43:48.586  INFO 14128 --- [ionShutdownHook] j.LocalContainerEntityManagerFactoryBean : Closing JPA EntityManagerFactory for persistence unit 'default'
2024-04-17 15:43:48.589  INFO 14128 --- [ionShutdownHook] com.zaxxer.hikari.HikariDataSource       : HikariPool-1 - Shutdown initiated...
2024-04-17 15:43:48.601  INFO 14128 --- [ionShutdownHook] com.zaxxer.hikari.HikariDataSource       : HikariPool-1 - Shutdown completed.
